{"/Users/jorgeburguera/mobdev/doggies-tdd-inside-outside/src/components/lists/DropdownList.jsx": {"path":"/Users/jorgeburguera/mobdev/doggies-tdd-inside-outside/src/components/lists/DropdownList.jsx","all":false,"statementMap":{"0":{"start":{"line":1,"column":0},"end":{"line":1,"column":76}},"1":{"start":{"line":2,"column":0},"end":{"line":2,"column":2}},"2":{"start":{"line":3,"column":0},"end":{"line":3,"column":31}},"3":{"start":{"line":4,"column":0},"end":{"line":4,"column":24}},"4":{"start":{"line":5,"column":0},"end":{"line":5,"column":36}},"5":{"start":{"line":6,"column":0},"end":{"line":6,"column":32}},"6":{"start":{"line":7,"column":0},"end":{"line":7,"column":39}},"7":{"start":{"line":8,"column":0},"end":{"line":8,"column":5}},"8":{"start":{"line":9,"column":0},"end":{"line":9,"column":4}},"9":{"start":{"line":10,"column":0},"end":{"line":10,"column":0}},"10":{"start":{"line":11,"column":0},"end":{"line":11,"column":10}},"11":{"start":{"line":12,"column":0},"end":{"line":12,"column":36}},"12":{"start":{"line":13,"column":0},"end":{"line":13,"column":37}},"13":{"start":{"line":14,"column":0},"end":{"line":14,"column":42}},"14":{"start":{"line":15,"column":0},"end":{"line":15,"column":17}},"15":{"start":{"line":16,"column":0},"end":{"line":16,"column":17}},"16":{"start":{"line":17,"column":0},"end":{"line":17,"column":9}},"17":{"start":{"line":18,"column":0},"end":{"line":18,"column":13}},"18":{"start":{"line":19,"column":0},"end":{"line":19,"column":3}},"19":{"start":{"line":20,"column":0},"end":{"line":20,"column":1}}},"s":{"0":1,"1":11,"2":11,"3":2,"4":1,"5":1,"6":1,"7":1,"8":2,"9":11,"10":11,"11":11,"12":11,"13":24,"14":24,"15":24,"16":11,"17":11,"18":11,"19":11},"branchMap":{"0":{"type":"branch","line":1,"loc":{"start":{"line":1,"column":28},"end":{"line":20,"column":1}},"locations":[{"start":{"line":1,"column":28},"end":{"line":20,"column":1}}]},"1":{"type":"branch","line":3,"loc":{"start":{"line":3,"column":23},"end":{"line":9,"column":4}},"locations":[{"start":{"line":3,"column":23},"end":{"line":9,"column":4}}]},"2":{"type":"branch","line":4,"loc":{"start":{"line":4,"column":23},"end":{"line":8,"column":5}},"locations":[{"start":{"line":4,"column":23},"end":{"line":8,"column":5}}]},"3":{"type":"branch","line":13,"loc":{"start":{"line":13,"column":18},"end":{"line":16,"column":17}},"locations":[{"start":{"line":13,"column":18},"end":{"line":16,"column":17}}]},"4":{"type":"branch","line":20,"loc":{"start":{"line":20,"column":0},"end":{"line":20,"column":1}},"locations":[{"start":{"line":20,"column":0},"end":{"line":20,"column":1}}]}},"b":{"0":[11],"1":[2],"2":[1],"3":[24],"4":[11]},"fnMap":{"0":{"name":"DropdownList","decl":{"start":{"line":1,"column":28},"end":{"line":20,"column":1}},"loc":{"start":{"line":1,"column":28},"end":{"line":20,"column":1}},"line":1},"1":{"name":"handleChange","decl":{"start":{"line":3,"column":23},"end":{"line":9,"column":4}},"loc":{"start":{"line":3,"column":23},"end":{"line":9,"column":4}},"line":3},"2":{"name":"get","decl":{"start":{"line":20,"column":0},"end":{"line":20,"column":1}},"loc":{"start":{"line":20,"column":0},"end":{"line":20,"column":1}},"line":20}},"f":{"0":11,"1":2,"2":11}}
,"/Users/jorgeburguera/mobdev/doggies-tdd-inside-outside/src/components/lists/breedsList/BreedsList.jsx": {"path":"/Users/jorgeburguera/mobdev/doggies-tdd-inside-outside/src/components/lists/breedsList/BreedsList.jsx","all":false,"statementMap":{"0":{"start":{"line":1,"column":0},"end":{"line":1,"column":44}},"1":{"start":{"line":2,"column":0},"end":{"line":2,"column":72}},"2":{"start":{"line":3,"column":0},"end":{"line":3,"column":47}},"3":{"start":{"line":4,"column":0},"end":{"line":4,"column":0}},"4":{"start":{"line":5,"column":0},"end":{"line":5,"column":50}},"5":{"start":{"line":6,"column":0},"end":{"line":6,"column":43}},"6":{"start":{"line":7,"column":0},"end":{"line":7,"column":51}},"7":{"start":{"line":8,"column":0},"end":{"line":8,"column":0}},"8":{"start":{"line":9,"column":0},"end":{"line":9,"column":42}},"9":{"start":{"line":10,"column":0},"end":{"line":10,"column":49}},"10":{"start":{"line":11,"column":0},"end":{"line":11,"column":41}},"11":{"start":{"line":12,"column":0},"end":{"line":12,"column":33}},"12":{"start":{"line":13,"column":0},"end":{"line":13,"column":5}},"13":{"start":{"line":14,"column":0},"end":{"line":14,"column":24}},"14":{"start":{"line":15,"column":0},"end":{"line":15,"column":4}},"15":{"start":{"line":16,"column":0},"end":{"line":16,"column":0}},"16":{"start":{"line":17,"column":0},"end":{"line":17,"column":19}},"17":{"start":{"line":18,"column":0},"end":{"line":18,"column":25}},"18":{"start":{"line":19,"column":0},"end":{"line":19,"column":9}},"19":{"start":{"line":20,"column":0},"end":{"line":20,"column":0}},"20":{"start":{"line":21,"column":0},"end":{"line":21,"column":10}},"21":{"start":{"line":22,"column":0},"end":{"line":22,"column":6}},"22":{"start":{"line":23,"column":0},"end":{"line":23,"column":20}},"23":{"start":{"line":24,"column":0},"end":{"line":24,"column":24}},"24":{"start":{"line":25,"column":0},"end":{"line":25,"column":33}},"25":{"start":{"line":26,"column":0},"end":{"line":26,"column":35}},"26":{"start":{"line":27,"column":0},"end":{"line":27,"column":11}},"27":{"start":{"line":28,"column":0},"end":{"line":28,"column":22}},"28":{"start":{"line":29,"column":0},"end":{"line":29,"column":27}},"29":{"start":{"line":30,"column":0},"end":{"line":30,"column":41}},"30":{"start":{"line":31,"column":0},"end":{"line":31,"column":10}},"31":{"start":{"line":32,"column":0},"end":{"line":32,"column":8}},"32":{"start":{"line":33,"column":0},"end":{"line":33,"column":7}},"33":{"start":{"line":34,"column":0},"end":{"line":34,"column":4}},"34":{"start":{"line":35,"column":0},"end":{"line":35,"column":2}}},"s":{"0":1,"1":1,"2":1,"3":1,"4":1,"5":14,"6":14,"7":14,"8":14,"9":9,"10":8,"11":4,"12":4,"13":5,"14":9,"15":14,"16":14,"17":9,"18":14,"19":14,"20":14,"21":14,"22":14,"23":9,"24":5,"25":2,"26":3,"27":3,"28":3,"29":3,"30":3,"31":14,"32":14,"33":14,"34":9},"branchMap":{"0":{"type":"branch","line":5,"loc":{"start":{"line":5,"column":26},"end":{"line":35,"column":2}},"locations":[{"start":{"line":5,"column":26},"end":{"line":35,"column":2}}]},"1":{"type":"branch","line":23,"loc":{"start":{"line":23,"column":7},"end":{"line":24,"column":24}},"locations":[{"start":{"line":23,"column":7},"end":{"line":24,"column":24}}]},"2":{"type":"branch","line":24,"loc":{"start":{"line":24,"column":8},"end":{"line":31,"column":10}},"locations":[{"start":{"line":24,"column":8},"end":{"line":31,"column":10}}]},"3":{"type":"branch","line":25,"loc":{"start":{"line":25,"column":28},"end":{"line":26,"column":35}},"locations":[{"start":{"line":25,"column":28},"end":{"line":26,"column":35}}]},"4":{"type":"branch","line":26,"loc":{"start":{"line":26,"column":8},"end":{"line":31,"column":10}},"locations":[{"start":{"line":26,"column":8},"end":{"line":31,"column":10}}]},"5":{"type":"branch","line":9,"loc":{"start":{"line":9,"column":29},"end":{"line":15,"column":4}},"locations":[{"start":{"line":9,"column":29},"end":{"line":15,"column":4}}]},"6":{"type":"branch","line":10,"loc":{"start":{"line":10,"column":47},"end":{"line":14,"column":24}},"locations":[{"start":{"line":10,"column":47},"end":{"line":14,"column":24}}]},"7":{"type":"branch","line":10,"loc":{"start":{"line":10,"column":47},"end":{"line":11,"column":40}},"locations":[{"start":{"line":10,"column":47},"end":{"line":11,"column":40}}]},"8":{"type":"branch","line":11,"loc":{"start":{"line":11,"column":40},"end":{"line":13,"column":5}},"locations":[{"start":{"line":11,"column":40},"end":{"line":13,"column":5}}]},"9":{"type":"branch","line":13,"loc":{"start":{"line":13,"column":4},"end":{"line":14,"column":24}},"locations":[{"start":{"line":13,"column":4},"end":{"line":14,"column":24}}]},"10":{"type":"branch","line":17,"loc":{"start":{"line":17,"column":12},"end":{"line":19,"column":5}},"locations":[{"start":{"line":17,"column":12},"end":{"line":19,"column":5}}]},"11":{"type":"branch","line":35,"loc":{"start":{"line":35,"column":0},"end":{"line":35,"column":2}},"locations":[{"start":{"line":35,"column":0},"end":{"line":35,"column":2}}]}},"b":{"0":[14],"1":[9],"2":[5],"3":[2],"4":[3],"5":[9],"6":[8],"7":[5],"8":[4],"9":[5],"10":[9],"11":[9]},"fnMap":{"0":{"name":"BreedsList","decl":{"start":{"line":5,"column":26},"end":{"line":35,"column":2}},"loc":{"start":{"line":5,"column":26},"end":{"line":35,"column":2}},"line":5},"1":{"name":"loadFormatedBreeds","decl":{"start":{"line":9,"column":29},"end":{"line":15,"column":4}},"loc":{"start":{"line":9,"column":29},"end":{"line":15,"column":4}},"line":9},"2":{"name":"get","decl":{"start":{"line":35,"column":0},"end":{"line":35,"column":2}},"loc":{"start":{"line":35,"column":0},"end":{"line":35,"column":2}},"line":35}},"f":{"0":14,"1":9,"2":9}}
,"/Users/jorgeburguera/mobdev/doggies-tdd-inside-outside/src/components/lists/subBreedsList/SubBreedsList.jsx": {"path":"/Users/jorgeburguera/mobdev/doggies-tdd-inside-outside/src/components/lists/subBreedsList/SubBreedsList.jsx","all":false,"statementMap":{"0":{"start":{"line":1,"column":0},"end":{"line":1,"column":44}},"1":{"start":{"line":2,"column":0},"end":{"line":2,"column":81}},"2":{"start":{"line":3,"column":0},"end":{"line":3,"column":47}},"3":{"start":{"line":4,"column":0},"end":{"line":4,"column":0}},"4":{"start":{"line":5,"column":0},"end":{"line":5,"column":63}},"5":{"start":{"line":6,"column":0},"end":{"line":6,"column":49}},"6":{"start":{"line":7,"column":0},"end":{"line":7,"column":52}},"7":{"start":{"line":8,"column":0},"end":{"line":8,"column":61}},"8":{"start":{"line":9,"column":0},"end":{"line":9,"column":0}},"9":{"start":{"line":10,"column":0},"end":{"line":10,"column":50}},"10":{"start":{"line":11,"column":0},"end":{"line":11,"column":40}},"11":{"start":{"line":12,"column":0},"end":{"line":12,"column":22}},"12":{"start":{"line":13,"column":0},"end":{"line":13,"column":29}},"13":{"start":{"line":14,"column":0},"end":{"line":14,"column":10}},"14":{"start":{"line":15,"column":0},"end":{"line":15,"column":25}},"15":{"start":{"line":16,"column":0},"end":{"line":16,"column":62}},"16":{"start":{"line":17,"column":0},"end":{"line":17,"column":26}},"17":{"start":{"line":18,"column":0},"end":{"line":18,"column":46}},"18":{"start":{"line":19,"column":0},"end":{"line":19,"column":32}},"19":{"start":{"line":20,"column":0},"end":{"line":20,"column":41}},"20":{"start":{"line":21,"column":0},"end":{"line":21,"column":7}},"21":{"start":{"line":22,"column":0},"end":{"line":22,"column":5}},"22":{"start":{"line":23,"column":0},"end":{"line":23,"column":4}},"23":{"start":{"line":24,"column":0},"end":{"line":24,"column":0}},"24":{"start":{"line":25,"column":0},"end":{"line":25,"column":19}},"25":{"start":{"line":26,"column":0},"end":{"line":26,"column":16}},"26":{"start":{"line":27,"column":0},"end":{"line":27,"column":30}},"27":{"start":{"line":28,"column":0},"end":{"line":28,"column":35}},"28":{"start":{"line":29,"column":0},"end":{"line":29,"column":5}},"29":{"start":{"line":30,"column":0},"end":{"line":30,"column":14}},"30":{"start":{"line":31,"column":0},"end":{"line":31,"column":0}},"31":{"start":{"line":32,"column":0},"end":{"line":32,"column":10}},"32":{"start":{"line":33,"column":0},"end":{"line":33,"column":6}},"33":{"start":{"line":34,"column":0},"end":{"line":34,"column":7}},"34":{"start":{"line":35,"column":0},"end":{"line":35,"column":26}},"35":{"start":{"line":36,"column":0},"end":{"line":36,"column":31}},"36":{"start":{"line":37,"column":0},"end":{"line":37,"column":25}},"37":{"start":{"line":38,"column":0},"end":{"line":38,"column":29}},"38":{"start":{"line":39,"column":0},"end":{"line":39,"column":38}},"39":{"start":{"line":40,"column":0},"end":{"line":40,"column":40}},"40":{"start":{"line":41,"column":0},"end":{"line":41,"column":13}},"41":{"start":{"line":42,"column":0},"end":{"line":42,"column":81}},"42":{"start":{"line":43,"column":0},"end":{"line":43,"column":10}},"43":{"start":{"line":44,"column":0},"end":{"line":44,"column":7}},"44":{"start":{"line":45,"column":0},"end":{"line":45,"column":4}},"45":{"start":{"line":46,"column":0},"end":{"line":46,"column":2}}},"s":{"0":1,"1":1,"2":1,"3":1,"4":1,"5":16,"6":16,"7":16,"8":16,"9":16,"10":5,"11":1,"12":1,"13":5,"14":4,"15":4,"16":3,"17":3,"18":3,"19":3,"20":3,"21":4,"22":5,"23":16,"24":16,"25":8,"26":5,"27":5,"28":5,"29":16,"30":16,"31":16,"32":16,"33":16,"34":16,"35":9,"36":7,"37":4,"38":3,"39":1,"40":2,"41":2,"42":16,"43":16,"44":16,"45":9},"branchMap":{"0":{"type":"branch","line":5,"loc":{"start":{"line":5,"column":29},"end":{"line":46,"column":2}},"locations":[{"start":{"line":5,"column":29},"end":{"line":46,"column":2}}]},"1":{"type":"branch","line":35,"loc":{"start":{"line":35,"column":8},"end":{"line":36,"column":31}},"locations":[{"start":{"line":35,"column":8},"end":{"line":36,"column":31}}]},"2":{"type":"branch","line":36,"loc":{"start":{"line":36,"column":10},"end":{"line":42,"column":81}},"locations":[{"start":{"line":36,"column":10},"end":{"line":42,"column":81}}]},"3":{"type":"branch","line":37,"loc":{"start":{"line":37,"column":12},"end":{"line":38,"column":29}},"locations":[{"start":{"line":37,"column":12},"end":{"line":38,"column":29}}]},"4":{"type":"branch","line":38,"loc":{"start":{"line":38,"column":10},"end":{"line":42,"column":81}},"locations":[{"start":{"line":38,"column":10},"end":{"line":42,"column":81}}]},"5":{"type":"branch","line":39,"loc":{"start":{"line":39,"column":33},"end":{"line":40,"column":40}},"locations":[{"start":{"line":39,"column":33},"end":{"line":40,"column":40}}]},"6":{"type":"branch","line":40,"loc":{"start":{"line":40,"column":10},"end":{"line":42,"column":81}},"locations":[{"start":{"line":40,"column":10},"end":{"line":42,"column":81}}]},"7":{"type":"branch","line":10,"loc":{"start":{"line":10,"column":32},"end":{"line":23,"column":4}},"locations":[{"start":{"line":10,"column":32},"end":{"line":23,"column":4}}]},"8":{"type":"branch","line":11,"loc":{"start":{"line":11,"column":39},"end":{"line":14,"column":9}},"locations":[{"start":{"line":11,"column":39},"end":{"line":14,"column":9}}]},"9":{"type":"branch","line":14,"loc":{"start":{"line":14,"column":4},"end":{"line":22,"column":5}},"locations":[{"start":{"line":14,"column":4},"end":{"line":22,"column":5}}]},"10":{"type":"branch","line":16,"loc":{"start":{"line":16,"column":60},"end":{"line":21,"column":7}},"locations":[{"start":{"line":16,"column":60},"end":{"line":21,"column":7}}]},"11":{"type":"branch","line":25,"loc":{"start":{"line":25,"column":12},"end":{"line":30,"column":5}},"locations":[{"start":{"line":25,"column":12},"end":{"line":30,"column":5}}]},"12":{"type":"branch","line":26,"loc":{"start":{"line":26,"column":15},"end":{"line":29,"column":5}},"locations":[{"start":{"line":26,"column":15},"end":{"line":29,"column":5}}]},"13":{"type":"branch","line":46,"loc":{"start":{"line":46,"column":0},"end":{"line":46,"column":2}},"locations":[{"start":{"line":46,"column":0},"end":{"line":46,"column":2}}]}},"b":{"0":[16],"1":[9],"2":[7],"3":[4],"4":[3],"5":[1],"6":[2],"7":[5],"8":[1],"9":[4],"10":[3],"11":[8],"12":[5],"13":[9]},"fnMap":{"0":{"name":"SubBreedsList","decl":{"start":{"line":5,"column":29},"end":{"line":46,"column":2}},"loc":{"start":{"line":5,"column":29},"end":{"line":46,"column":2}},"line":5},"1":{"name":"loadFormatedSubBreeds","decl":{"start":{"line":10,"column":32},"end":{"line":23,"column":4}},"loc":{"start":{"line":10,"column":32},"end":{"line":23,"column":4}},"line":10},"2":{"name":"get","decl":{"start":{"line":46,"column":0},"end":{"line":46,"column":2}},"loc":{"start":{"line":46,"column":0},"end":{"line":46,"column":2}},"line":46}},"f":{"0":16,"1":5,"2":9}}
,"/Users/jorgeburguera/mobdev/doggies-tdd-inside-outside/src/components/renderImages/RenderImages.jsx": {"path":"/Users/jorgeburguera/mobdev/doggies-tdd-inside-outside/src/components/renderImages/RenderImages.jsx","all":false,"statementMap":{"0":{"start":{"line":1,"column":0},"end":{"line":1,"column":44}},"1":{"start":{"line":2,"column":0},"end":{"line":2,"column":63}},"2":{"start":{"line":3,"column":0},"end":{"line":3,"column":69}},"3":{"start":{"line":4,"column":0},"end":{"line":4,"column":0}},"4":{"start":{"line":5,"column":0},"end":{"line":5,"column":96}},"5":{"start":{"line":6,"column":0},"end":{"line":6,"column":43}},"6":{"start":{"line":7,"column":0},"end":{"line":7,"column":51}},"7":{"start":{"line":8,"column":0},"end":{"line":8,"column":55}},"8":{"start":{"line":9,"column":0},"end":{"line":9,"column":0}},"9":{"start":{"line":10,"column":0},"end":{"line":10,"column":19}},"10":{"start":{"line":11,"column":0},"end":{"line":11,"column":82}},"11":{"start":{"line":12,"column":0},"end":{"line":12,"column":77}},"12":{"start":{"line":13,"column":0},"end":{"line":13,"column":35}},"13":{"start":{"line":14,"column":0},"end":{"line":14,"column":41}},"14":{"start":{"line":15,"column":0},"end":{"line":15,"column":27}},"15":{"start":{"line":16,"column":0},"end":{"line":16,"column":72}},"16":{"start":{"line":17,"column":0},"end":{"line":17,"column":30}},"17":{"start":{"line":18,"column":0},"end":{"line":18,"column":7}},"18":{"start":{"line":19,"column":0},"end":{"line":19,"column":34}},"19":{"start":{"line":20,"column":0},"end":{"line":20,"column":27}},"20":{"start":{"line":21,"column":0},"end":{"line":21,"column":82}},"21":{"start":{"line":22,"column":0},"end":{"line":22,"column":7}},"22":{"start":{"line":23,"column":0},"end":{"line":23,"column":5}},"23":{"start":{"line":24,"column":0},"end":{"line":24,"column":39}},"24":{"start":{"line":25,"column":0},"end":{"line":25,"column":0}},"25":{"start":{"line":26,"column":0},"end":{"line":26,"column":10}},"26":{"start":{"line":27,"column":0},"end":{"line":27,"column":6}},"27":{"start":{"line":28,"column":0},"end":{"line":28,"column":22}},"28":{"start":{"line":29,"column":0},"end":{"line":29,"column":39}},"29":{"start":{"line":30,"column":0},"end":{"line":30,"column":12}},"30":{"start":{"line":31,"column":0},"end":{"line":31,"column":21}},"31":{"start":{"line":32,"column":0},"end":{"line":32,"column":30}},"32":{"start":{"line":33,"column":0},"end":{"line":33,"column":35}},"33":{"start":{"line":34,"column":0},"end":{"line":34,"column":38}},"34":{"start":{"line":35,"column":0},"end":{"line":35,"column":13}},"35":{"start":{"line":36,"column":0},"end":{"line":36,"column":47}},"36":{"start":{"line":37,"column":0},"end":{"line":37,"column":52}},"37":{"start":{"line":38,"column":0},"end":{"line":38,"column":16}},"38":{"start":{"line":39,"column":0},"end":{"line":39,"column":44}},"39":{"start":{"line":40,"column":0},"end":{"line":40,"column":25}},"40":{"start":{"line":41,"column":0},"end":{"line":41,"column":97}},"41":{"start":{"line":42,"column":0},"end":{"line":42,"column":58}},"42":{"start":{"line":43,"column":0},"end":{"line":43,"column":14}},"43":{"start":{"line":44,"column":0},"end":{"line":44,"column":12}},"44":{"start":{"line":45,"column":0},"end":{"line":45,"column":9}},"45":{"start":{"line":46,"column":0},"end":{"line":46,"column":8}},"46":{"start":{"line":47,"column":0},"end":{"line":47,"column":7}},"47":{"start":{"line":48,"column":0},"end":{"line":48,"column":7}},"48":{"start":{"line":49,"column":0},"end":{"line":49,"column":2}},"49":{"start":{"line":50,"column":0},"end":{"line":50,"column":2}}},"s":{"0":1,"1":1,"2":1,"3":1,"4":1,"5":18,"6":18,"7":18,"8":18,"9":18,"10":10,"11":10,"12":5,"13":5,"14":5,"15":5,"16":5,"17":5,"18":5,"19":3,"20":3,"21":3,"22":10,"23":18,"24":18,"25":18,"26":18,"27":18,"28":10,"29":8,"30":8,"31":0,"32":8,"33":1,"34":7,"35":7,"36":9,"37":25,"38":25,"39":25,"40":25,"41":25,"42":25,"43":9,"44":7,"45":18,"46":18,"47":18,"48":18,"49":11},"branchMap":{"0":{"type":"branch","line":5,"loc":{"start":{"line":5,"column":28},"end":{"line":50,"column":2}},"locations":[{"start":{"line":5,"column":28},"end":{"line":50,"column":2}}]},"1":{"type":"branch","line":28,"loc":{"start":{"line":28,"column":7},"end":{"line":29,"column":39}},"locations":[{"start":{"line":28,"column":7},"end":{"line":29,"column":39}}]},"2":{"type":"branch","line":29,"loc":{"start":{"line":29,"column":8},"end":{"line":45,"column":9}},"locations":[{"start":{"line":29,"column":8},"end":{"line":45,"column":9}}]},"3":{"type":"branch","line":31,"loc":{"start":{"line":31,"column":8},"end":{"line":32,"column":30}},"locations":[{"start":{"line":31,"column":8},"end":{"line":32,"column":30}}]},"4":{"type":"branch","line":33,"loc":{"start":{"line":33,"column":30},"end":{"line":34,"column":38}},"locations":[{"start":{"line":33,"column":30},"end":{"line":34,"column":38}}]},"5":{"type":"branch","line":34,"loc":{"start":{"line":34,"column":8},"end":{"line":45,"column":9}},"locations":[{"start":{"line":34,"column":8},"end":{"line":45,"column":9}}]},"6":{"type":"branch","line":10,"loc":{"start":{"line":10,"column":12},"end":{"line":24,"column":5}},"locations":[{"start":{"line":10,"column":12},"end":{"line":24,"column":5}}]},"7":{"type":"branch","line":12,"loc":{"start":{"line":12,"column":11},"end":{"line":12,"column":42}},"locations":[{"start":{"line":12,"column":11},"end":{"line":12,"column":42}}]},"8":{"type":"branch","line":12,"loc":{"start":{"line":12,"column":35},"end":{"line":12,"column":76}},"locations":[{"start":{"line":12,"column":35},"end":{"line":12,"column":76}}]},"9":{"type":"branch","line":12,"loc":{"start":{"line":12,"column":42},"end":{"line":12,"column":76}},"locations":[{"start":{"line":12,"column":42},"end":{"line":12,"column":76}}]},"10":{"type":"branch","line":12,"loc":{"start":{"line":12,"column":76},"end":{"line":22,"column":7}},"locations":[{"start":{"line":12,"column":76},"end":{"line":22,"column":7}}]},"11":{"type":"branch","line":19,"loc":{"start":{"line":19,"column":33},"end":{"line":22,"column":7}},"locations":[{"start":{"line":19,"column":33},"end":{"line":22,"column":7}}]},"12":{"type":"branch","line":36,"loc":{"start":{"line":36,"column":19},"end":{"line":44,"column":12}},"locations":[{"start":{"line":36,"column":19},"end":{"line":44,"column":12}}]},"13":{"type":"branch","line":37,"loc":{"start":{"line":37,"column":33},"end":{"line":43,"column":14}},"locations":[{"start":{"line":37,"column":33},"end":{"line":43,"column":14}}]},"14":{"type":"branch","line":41,"loc":{"start":{"line":41,"column":34},"end":{"line":41,"column":68}},"locations":[{"start":{"line":41,"column":34},"end":{"line":41,"column":68}}]},"15":{"type":"branch","line":41,"loc":{"start":{"line":41,"column":57},"end":{"line":41,"column":89}},"locations":[{"start":{"line":41,"column":57},"end":{"line":41,"column":89}}]},"16":{"type":"branch","line":50,"loc":{"start":{"line":50,"column":0},"end":{"line":50,"column":2}},"locations":[{"start":{"line":50,"column":0},"end":{"line":50,"column":2}}]}},"b":{"0":[18],"1":[10],"2":[8],"3":[0],"4":[1],"5":[7],"6":[10],"7":[4],"8":[6],"9":[1],"10":[5],"11":[3],"12":[9],"13":[25],"14":[3],"15":[22],"16":[11]},"fnMap":{"0":{"name":"RenderImages","decl":{"start":{"line":5,"column":28},"end":{"line":50,"column":2}},"loc":{"start":{"line":5,"column":28},"end":{"line":50,"column":2}},"line":5},"1":{"name":"get","decl":{"start":{"line":50,"column":0},"end":{"line":50,"column":2}},"loc":{"start":{"line":50,"column":0},"end":{"line":50,"column":2}},"line":50}},"f":{"0":18,"1":11}}
,"/Users/jorgeburguera/mobdev/doggies-tdd-inside-outside/src/pages/Page404/Page404.jsx": {"path":"/Users/jorgeburguera/mobdev/doggies-tdd-inside-outside/src/pages/Page404/Page404.jsx","all":false,"statementMap":{"0":{"start":{"line":1,"column":0},"end":{"line":1,"column":30}},"1":{"start":{"line":2,"column":0},"end":{"line":2,"column":10}},"2":{"start":{"line":3,"column":0},"end":{"line":3,"column":29}},"3":{"start":{"line":4,"column":0},"end":{"line":4,"column":3}},"4":{"start":{"line":5,"column":0},"end":{"line":5,"column":1}}},"s":{"0":1,"1":1,"2":1,"3":1,"4":1},"branchMap":{"0":{"type":"branch","line":1,"loc":{"start":{"line":1,"column":23},"end":{"line":5,"column":1}},"locations":[{"start":{"line":1,"column":23},"end":{"line":5,"column":1}}]},"1":{"type":"branch","line":5,"loc":{"start":{"line":5,"column":0},"end":{"line":5,"column":1}},"locations":[{"start":{"line":5,"column":0},"end":{"line":5,"column":1}}]}},"b":{"0":[1],"1":[1]},"fnMap":{"0":{"name":"Page404","decl":{"start":{"line":1,"column":23},"end":{"line":5,"column":1}},"loc":{"start":{"line":1,"column":23},"end":{"line":5,"column":1}},"line":1},"1":{"name":"get","decl":{"start":{"line":5,"column":0},"end":{"line":5,"column":1}},"loc":{"start":{"line":5,"column":0},"end":{"line":5,"column":1}},"line":5}},"f":{"0":1,"1":1}}
,"/Users/jorgeburguera/mobdev/doggies-tdd-inside-outside/src/pages/home/Home.jsx": {"path":"/Users/jorgeburguera/mobdev/doggies-tdd-inside-outside/src/pages/home/Home.jsx","all":false,"statementMap":{"0":{"start":{"line":1,"column":0},"end":{"line":1,"column":32}},"1":{"start":{"line":2,"column":0},"end":{"line":2,"column":0}},"2":{"start":{"line":3,"column":0},"end":{"line":3,"column":73}},"3":{"start":{"line":4,"column":0},"end":{"line":4,"column":82}},"4":{"start":{"line":5,"column":0},"end":{"line":5,"column":73}},"5":{"start":{"line":6,"column":0},"end":{"line":6,"column":0}},"6":{"start":{"line":7,"column":0},"end":{"line":7,"column":27}},"7":{"start":{"line":8,"column":0},"end":{"line":8,"column":52}},"8":{"start":{"line":9,"column":0},"end":{"line":9,"column":58}},"9":{"start":{"line":10,"column":0},"end":{"line":10,"column":0}},"10":{"start":{"line":11,"column":0},"end":{"line":11,"column":41}},"11":{"start":{"line":12,"column":0},"end":{"line":12,"column":26}},"12":{"start":{"line":13,"column":0},"end":{"line":13,"column":4}},"13":{"start":{"line":14,"column":0},"end":{"line":14,"column":2}},"14":{"start":{"line":15,"column":0},"end":{"line":15,"column":47}},"15":{"start":{"line":16,"column":0},"end":{"line":16,"column":32}},"16":{"start":{"line":17,"column":0},"end":{"line":17,"column":4}},"17":{"start":{"line":18,"column":0},"end":{"line":18,"column":2}},"18":{"start":{"line":19,"column":0},"end":{"line":19,"column":10}},"19":{"start":{"line":20,"column":0},"end":{"line":20,"column":6}},"20":{"start":{"line":21,"column":0},"end":{"line":21,"column":40}},"21":{"start":{"line":22,"column":0},"end":{"line":22,"column":57}},"22":{"start":{"line":23,"column":0},"end":{"line":23,"column":12}},"23":{"start":{"line":24,"column":0},"end":{"line":24,"column":44}},"24":{"start":{"line":25,"column":0},"end":{"line":25,"column":86}},"25":{"start":{"line":26,"column":0},"end":{"line":26,"column":12}},"26":{"start":{"line":27,"column":0},"end":{"line":27,"column":41}},"27":{"start":{"line":28,"column":0},"end":{"line":28,"column":69}},"28":{"start":{"line":29,"column":0},"end":{"line":29,"column":12}},"29":{"start":{"line":30,"column":0},"end":{"line":30,"column":7}},"30":{"start":{"line":31,"column":0},"end":{"line":31,"column":4}},"31":{"start":{"line":32,"column":0},"end":{"line":32,"column":2}}},"s":{"0":1,"1":1,"2":1,"3":1,"4":1,"5":1,"6":1,"7":5,"8":5,"9":5,"10":5,"11":0,"12":0,"13":5,"14":5,"15":0,"16":0,"17":5,"18":5,"19":5,"20":5,"21":5,"22":5,"23":5,"24":5,"25":5,"26":5,"27":5,"28":5,"29":5,"30":5,"31":5},"branchMap":{"0":{"type":"branch","line":7,"loc":{"start":{"line":7,"column":20},"end":{"line":32,"column":2}},"locations":[{"start":{"line":7,"column":20},"end":{"line":32,"column":2}}]},"1":{"type":"branch","line":32,"loc":{"start":{"line":32,"column":0},"end":{"line":32,"column":2}},"locations":[{"start":{"line":32,"column":0},"end":{"line":32,"column":2}}]}},"b":{"0":[5],"1":[5]},"fnMap":{"0":{"name":"Home","decl":{"start":{"line":7,"column":20},"end":{"line":32,"column":2}},"loc":{"start":{"line":7,"column":20},"end":{"line":32,"column":2}},"line":7},"1":{"name":"handleBreedsChange","decl":{"start":{"line":11,"column":29},"end":{"line":13,"column":4}},"loc":{"start":{"line":11,"column":29},"end":{"line":13,"column":4}},"line":11},"2":{"name":"handleSubBreedsChange","decl":{"start":{"line":15,"column":32},"end":{"line":17,"column":4}},"loc":{"start":{"line":15,"column":32},"end":{"line":17,"column":4}},"line":15},"3":{"name":"get","decl":{"start":{"line":32,"column":0},"end":{"line":32,"column":2}},"loc":{"start":{"line":32,"column":0},"end":{"line":32,"column":2}},"line":32}},"f":{"0":5,"1":0,"2":0,"3":5}}
,"/Users/jorgeburguera/mobdev/doggies-tdd-inside-outside/src/services/getBreeds/getBreeds.jsx": {"path":"/Users/jorgeburguera/mobdev/doggies-tdd-inside-outside/src/services/getBreeds/getBreeds.jsx","all":false,"statementMap":{"0":{"start":{"line":1,"column":0},"end":{"line":1,"column":26}},"1":{"start":{"line":2,"column":0},"end":{"line":2,"column":0}},"2":{"start":{"line":3,"column":0},"end":{"line":3,"column":67}},"3":{"start":{"line":4,"column":0},"end":{"line":4,"column":56}},"4":{"start":{"line":5,"column":0},"end":{"line":5,"column":50}},"5":{"start":{"line":6,"column":0},"end":{"line":6,"column":52}},"6":{"start":{"line":7,"column":0},"end":{"line":7,"column":24}},"7":{"start":{"line":8,"column":0},"end":{"line":8,"column":16}},"8":{"start":{"line":9,"column":0},"end":{"line":9,"column":3}},"9":{"start":{"line":10,"column":0},"end":{"line":10,"column":2}},"10":{"start":{"line":11,"column":0},"end":{"line":11,"column":7}},"11":{"start":{"line":12,"column":0},"end":{"line":12,"column":40}},"12":{"start":{"line":13,"column":0},"end":{"line":13,"column":49}},"13":{"start":{"line":14,"column":0},"end":{"line":14,"column":59}},"14":{"start":{"line":15,"column":0},"end":{"line":15,"column":27}},"15":{"start":{"line":16,"column":0},"end":{"line":16,"column":17}},"16":{"start":{"line":17,"column":0},"end":{"line":17,"column":5}},"17":{"start":{"line":18,"column":0},"end":{"line":18,"column":15}},"18":{"start":{"line":19,"column":0},"end":{"line":19,"column":15}},"19":{"start":{"line":20,"column":0},"end":{"line":20,"column":32}},"20":{"start":{"line":21,"column":0},"end":{"line":21,"column":78}},"21":{"start":{"line":22,"column":0},"end":{"line":22,"column":27}},"22":{"start":{"line":23,"column":0},"end":{"line":23,"column":18}},"23":{"start":{"line":24,"column":0},"end":{"line":24,"column":5}},"24":{"start":{"line":25,"column":0},"end":{"line":25,"column":50}},"25":{"start":{"line":26,"column":0},"end":{"line":26,"column":55}},"26":{"start":{"line":27,"column":0},"end":{"line":27,"column":27}},"27":{"start":{"line":28,"column":0},"end":{"line":28,"column":18}},"28":{"start":{"line":29,"column":0},"end":{"line":29,"column":5}},"29":{"start":{"line":30,"column":0},"end":{"line":30,"column":12}},"30":{"start":{"line":31,"column":0},"end":{"line":31,"column":3}},"31":{"start":{"line":32,"column":0},"end":{"line":32,"column":2}}},"s":{"0":1,"1":1,"2":1,"3":1,"4":7,"5":2,"6":2,"7":2,"8":2,"9":5,"10":5,"11":5,"12":7,"13":1,"14":1,"15":1,"16":1,"17":1,"18":6,"19":3,"20":1,"21":1,"22":1,"23":1,"24":3,"25":1,"26":1,"27":1,"28":1,"29":1,"30":1,"31":9},"branchMap":{"0":{"type":"branch","line":3,"loc":{"start":{"line":3,"column":29},"end":{"line":3,"column":67}},"locations":[{"start":{"line":3,"column":29},"end":{"line":3,"column":67}}]},"1":{"type":"branch","line":4,"loc":{"start":{"line":4,"column":25},"end":{"line":32,"column":2}},"locations":[{"start":{"line":4,"column":25},"end":{"line":32,"column":2}}]},"2":{"type":"branch","line":5,"loc":{"start":{"line":5,"column":14},"end":{"line":5,"column":49}},"locations":[{"start":{"line":5,"column":14},"end":{"line":5,"column":49}}]},"3":{"type":"branch","line":5,"loc":{"start":{"line":5,"column":49},"end":{"line":9,"column":3}},"locations":[{"start":{"line":5,"column":49},"end":{"line":9,"column":3}}]},"4":{"type":"branch","line":9,"loc":{"start":{"line":9,"column":2},"end":{"line":12,"column":40}},"locations":[{"start":{"line":9,"column":2},"end":{"line":12,"column":40}}]},"5":{"type":"branch","line":12,"loc":{"start":{"line":12,"column":38},"end":{"line":13,"column":33}},"locations":[{"start":{"line":12,"column":38},"end":{"line":13,"column":33}}]},"6":{"type":"branch","line":13,"loc":{"start":{"line":13,"column":23},"end":{"line":13,"column":48}},"locations":[{"start":{"line":13,"column":23},"end":{"line":13,"column":48}}]},"7":{"type":"branch","line":13,"loc":{"start":{"line":13,"column":48},"end":{"line":31,"column":3}},"locations":[{"start":{"line":13,"column":48},"end":{"line":31,"column":3}}]},"8":{"type":"branch","line":13,"loc":{"start":{"line":13,"column":48},"end":{"line":19,"column":4}},"locations":[{"start":{"line":13,"column":48},"end":{"line":19,"column":4}}]},"9":{"type":"branch","line":19,"loc":{"start":{"line":19,"column":2},"end":{"line":31,"column":3}},"locations":[{"start":{"line":19,"column":2},"end":{"line":31,"column":3}}]},"10":{"type":"branch","line":20,"loc":{"start":{"line":20,"column":31},"end":{"line":24,"column":5}},"locations":[{"start":{"line":20,"column":31},"end":{"line":24,"column":5}}]},"11":{"type":"branch","line":24,"loc":{"start":{"line":24,"column":4},"end":{"line":25,"column":22}},"locations":[{"start":{"line":24,"column":4},"end":{"line":25,"column":22}}]},"12":{"type":"branch","line":25,"loc":{"start":{"line":25,"column":10},"end":{"line":25,"column":49}},"locations":[{"start":{"line":25,"column":10},"end":{"line":25,"column":49}}]},"13":{"type":"branch","line":25,"loc":{"start":{"line":25,"column":49},"end":{"line":31,"column":3}},"locations":[{"start":{"line":25,"column":49},"end":{"line":31,"column":3}}]},"14":{"type":"branch","line":32,"loc":{"start":{"line":32,"column":0},"end":{"line":32,"column":2}},"locations":[{"start":{"line":32,"column":0},"end":{"line":32,"column":2}}]}},"b":{"0":[3],"1":[7],"2":[6],"3":[2],"4":[5],"5":[2],"6":[1],"7":[6],"8":[1],"9":[3],"10":[1],"11":[2],"12":[1],"13":[1],"14":[9]},"fnMap":{"0":{"name":"get","decl":{"start":{"line":3,"column":29},"end":{"line":3,"column":67}},"loc":{"start":{"line":3,"column":29},"end":{"line":3,"column":67}},"line":3},"1":{"name":"getBreeds","decl":{"start":{"line":4,"column":25},"end":{"line":32,"column":2}},"loc":{"start":{"line":4,"column":25},"end":{"line":32,"column":2}},"line":4},"2":{"name":"get","decl":{"start":{"line":32,"column":0},"end":{"line":32,"column":2}},"loc":{"start":{"line":32,"column":0},"end":{"line":32,"column":2}},"line":32}},"f":{"0":3,"1":7,"2":9}}
,"/Users/jorgeburguera/mobdev/doggies-tdd-inside-outside/src/services/getDoggiesImages/getDoggiesImages.jsx": {"path":"/Users/jorgeburguera/mobdev/doggies-tdd-inside-outside/src/services/getDoggiesImages/getDoggiesImages.jsx","all":false,"statementMap":{"0":{"start":{"line":1,"column":0},"end":{"line":1,"column":26}},"1":{"start":{"line":2,"column":0},"end":{"line":2,"column":0}},"2":{"start":{"line":3,"column":0},"end":{"line":3,"column":45}},"3":{"start":{"line":4,"column":0},"end":{"line":4,"column":56}},"4":{"start":{"line":5,"column":0},"end":{"line":5,"column":57}},"5":{"start":{"line":6,"column":0},"end":{"line":6,"column":61}},"6":{"start":{"line":7,"column":0},"end":{"line":7,"column":2}},"7":{"start":{"line":8,"column":0},"end":{"line":8,"column":67}},"8":{"start":{"line":9,"column":0},"end":{"line":9,"column":1}},"9":{"start":{"line":10,"column":0},"end":{"line":10,"column":82}},"10":{"start":{"line":11,"column":0},"end":{"line":11,"column":35}},"11":{"start":{"line":12,"column":0},"end":{"line":12,"column":67}},"12":{"start":{"line":13,"column":0},"end":{"line":13,"column":25}},"13":{"start":{"line":14,"column":0},"end":{"line":14,"column":15}},"14":{"start":{"line":15,"column":0},"end":{"line":15,"column":3}},"15":{"start":{"line":16,"column":0},"end":{"line":16,"column":44}},"16":{"start":{"line":17,"column":0},"end":{"line":17,"column":63}},"17":{"start":{"line":18,"column":0},"end":{"line":18,"column":24}},"18":{"start":{"line":19,"column":0},"end":{"line":19,"column":16}},"19":{"start":{"line":20,"column":0},"end":{"line":20,"column":3}},"20":{"start":{"line":21,"column":0},"end":{"line":21,"column":51}},"21":{"start":{"line":22,"column":0},"end":{"line":22,"column":0}},"22":{"start":{"line":23,"column":0},"end":{"line":23,"column":50}},"23":{"start":{"line":24,"column":0},"end":{"line":24,"column":58}},"24":{"start":{"line":25,"column":0},"end":{"line":25,"column":24}},"25":{"start":{"line":26,"column":0},"end":{"line":26,"column":16}},"26":{"start":{"line":27,"column":0},"end":{"line":27,"column":3}},"27":{"start":{"line":28,"column":0},"end":{"line":28,"column":0}},"28":{"start":{"line":29,"column":0},"end":{"line":29,"column":6}},"29":{"start":{"line":30,"column":0},"end":{"line":30,"column":24}},"30":{"start":{"line":31,"column":0},"end":{"line":31,"column":46}},"31":{"start":{"line":32,"column":0},"end":{"line":32,"column":49}},"32":{"start":{"line":33,"column":0},"end":{"line":33,"column":76}},"33":{"start":{"line":34,"column":0},"end":{"line":34,"column":26}},"34":{"start":{"line":35,"column":0},"end":{"line":35,"column":18}},"35":{"start":{"line":36,"column":0},"end":{"line":36,"column":5}},"36":{"start":{"line":37,"column":0},"end":{"line":37,"column":49}},"37":{"start":{"line":38,"column":0},"end":{"line":38,"column":61}},"38":{"start":{"line":39,"column":0},"end":{"line":39,"column":26}},"39":{"start":{"line":40,"column":0},"end":{"line":40,"column":18}},"40":{"start":{"line":41,"column":0},"end":{"line":41,"column":5}},"41":{"start":{"line":42,"column":0},"end":{"line":42,"column":16}},"42":{"start":{"line":43,"column":0},"end":{"line":43,"column":12}},"43":{"start":{"line":44,"column":0},"end":{"line":44,"column":11}},"44":{"start":{"line":45,"column":0},"end":{"line":45,"column":3}},"45":{"start":{"line":46,"column":0},"end":{"line":46,"column":2}}},"s":{"0":1,"1":1,"2":1,"3":1,"4":12,"5":12,"6":12,"7":12,"8":9,"9":1,"10":18,"11":2,"12":2,"13":2,"14":2,"15":18,"16":2,"17":2,"18":2,"19":2,"20":18,"21":18,"22":18,"23":2,"24":2,"25":2,"26":2,"27":12,"28":12,"29":12,"30":12,"31":18,"32":2,"33":2,"34":2,"35":2,"36":18,"37":1,"38":1,"39":1,"40":1,"41":9,"42":18,"43":3,"44":3,"45":20},"branchMap":{"0":{"type":"branch","line":4,"loc":{"start":{"line":4,"column":23},"end":{"line":9,"column":1}},"locations":[{"start":{"line":4,"column":23},"end":{"line":9,"column":1}}]},"1":{"type":"branch","line":5,"loc":{"start":{"line":5,"column":40},"end":{"line":5,"column":56}},"locations":[{"start":{"line":5,"column":40},"end":{"line":5,"column":56}}]},"2":{"type":"branch","line":5,"loc":{"start":{"line":5,"column":44},"end":{"line":5,"column":57}},"locations":[{"start":{"line":5,"column":44},"end":{"line":5,"column":57}}]},"3":{"type":"branch","line":6,"loc":{"start":{"line":6,"column":33},"end":{"line":6,"column":59}},"locations":[{"start":{"line":6,"column":33},"end":{"line":6,"column":59}}]},"4":{"type":"branch","line":6,"loc":{"start":{"line":6,"column":46},"end":{"line":6,"column":61}},"locations":[{"start":{"line":6,"column":46},"end":{"line":6,"column":61}}]},"5":{"type":"branch","line":9,"loc":{"start":{"line":9,"column":0},"end":{"line":9,"column":1}},"locations":[{"start":{"line":9,"column":0},"end":{"line":9,"column":1}}]},"6":{"type":"branch","line":10,"loc":{"start":{"line":10,"column":32},"end":{"line":46,"column":2}},"locations":[{"start":{"line":10,"column":32},"end":{"line":46,"column":2}}]},"7":{"type":"branch","line":11,"loc":{"start":{"line":11,"column":34},"end":{"line":15,"column":3}},"locations":[{"start":{"line":11,"column":34},"end":{"line":15,"column":3}}]},"8":{"type":"branch","line":15,"loc":{"start":{"line":15,"column":2},"end":{"line":16,"column":16}},"locations":[{"start":{"line":15,"column":2},"end":{"line":16,"column":16}}]},"9":{"type":"branch","line":16,"loc":{"start":{"line":16,"column":7},"end":{"line":16,"column":43}},"locations":[{"start":{"line":16,"column":7},"end":{"line":16,"column":43}}]},"10":{"type":"branch","line":16,"loc":{"start":{"line":16,"column":43},"end":{"line":20,"column":3}},"locations":[{"start":{"line":16,"column":43},"end":{"line":20,"column":3}}]},"11":{"type":"branch","line":20,"loc":{"start":{"line":20,"column":2},"end":{"line":21,"column":15}},"locations":[{"start":{"line":20,"column":2},"end":{"line":21,"column":15}}]},"12":{"type":"branch","line":21,"loc":{"start":{"line":21,"column":8},"end":{"line":21,"column":51}},"locations":[{"start":{"line":21,"column":8},"end":{"line":21,"column":51}}]},"13":{"type":"branch","line":23,"loc":{"start":{"line":23,"column":7},"end":{"line":23,"column":41}},"locations":[{"start":{"line":23,"column":7},"end":{"line":23,"column":41}}]},"14":{"type":"branch","line":23,"loc":{"start":{"line":23,"column":36},"end":{"line":23,"column":49}},"locations":[{"start":{"line":23,"column":36},"end":{"line":23,"column":49}}]},"15":{"type":"branch","line":23,"loc":{"start":{"line":23,"column":49},"end":{"line":27,"column":3}},"locations":[{"start":{"line":23,"column":49},"end":{"line":27,"column":3}}]},"16":{"type":"branch","line":27,"loc":{"start":{"line":27,"column":2},"end":{"line":32,"column":29}},"locations":[{"start":{"line":27,"column":2},"end":{"line":32,"column":29}}]},"17":{"type":"branch","line":32,"loc":{"start":{"line":32,"column":21},"end":{"line":32,"column":48}},"locations":[{"start":{"line":32,"column":21},"end":{"line":32,"column":48}}]},"18":{"type":"branch","line":32,"loc":{"start":{"line":32,"column":48},"end":{"line":36,"column":5}},"locations":[{"start":{"line":32,"column":48},"end":{"line":36,"column":5}}]},"19":{"type":"branch","line":36,"loc":{"start":{"line":36,"column":4},"end":{"line":37,"column":48}},"locations":[{"start":{"line":36,"column":4},"end":{"line":37,"column":48}}]},"20":{"type":"branch","line":37,"loc":{"start":{"line":37,"column":23},"end":{"line":37,"column":48}},"locations":[{"start":{"line":37,"column":23},"end":{"line":37,"column":48}}]},"21":{"type":"branch","line":37,"loc":{"start":{"line":37,"column":48},"end":{"line":41,"column":5}},"locations":[{"start":{"line":37,"column":48},"end":{"line":41,"column":5}}]},"22":{"type":"branch","line":41,"loc":{"start":{"line":41,"column":4},"end":{"line":43,"column":3}},"locations":[{"start":{"line":41,"column":4},"end":{"line":43,"column":3}}]},"23":{"type":"branch","line":43,"loc":{"start":{"line":43,"column":2},"end":{"line":45,"column":3}},"locations":[{"start":{"line":43,"column":2},"end":{"line":45,"column":3}}]},"24":{"type":"branch","line":46,"loc":{"start":{"line":46,"column":0},"end":{"line":46,"column":2}},"locations":[{"start":{"line":46,"column":0},"end":{"line":46,"column":2}}]}},"b":{"0":[12],"1":[8],"2":[4],"3":[4],"4":[8],"5":[9],"6":[18],"7":[2],"8":[16],"9":[14],"10":[2],"11":[14],"12":[4],"13":[14],"14":[12],"15":[2],"16":[12],"17":[2],"18":[2],"19":[10],"20":[9],"21":[1],"22":[9],"23":[3],"24":[20]},"fnMap":{"0":{"name":"baseURL","decl":{"start":{"line":4,"column":23},"end":{"line":9,"column":1}},"loc":{"start":{"line":4,"column":23},"end":{"line":9,"column":1}},"line":4},"1":{"name":"get","decl":{"start":{"line":9,"column":0},"end":{"line":9,"column":1}},"loc":{"start":{"line":9,"column":0},"end":{"line":9,"column":1}},"line":9},"2":{"name":"getDoggiesImages","decl":{"start":{"line":10,"column":32},"end":{"line":46,"column":2}},"loc":{"start":{"line":10,"column":32},"end":{"line":46,"column":2}},"line":10},"3":{"name":"get","decl":{"start":{"line":46,"column":0},"end":{"line":46,"column":2}},"loc":{"start":{"line":46,"column":0},"end":{"line":46,"column":2}},"line":46}},"f":{"0":12,"1":9,"2":18,"3":20}}
,"/Users/jorgeburguera/mobdev/doggies-tdd-inside-outside/src/services/getSubBreeds/getSubBreeds.jsx": {"path":"/Users/jorgeburguera/mobdev/doggies-tdd-inside-outside/src/services/getSubBreeds/getSubBreeds.jsx","all":false,"statementMap":{"0":{"start":{"line":1,"column":0},"end":{"line":1,"column":26}},"1":{"start":{"line":2,"column":0},"end":{"line":2,"column":0}},"2":{"start":{"line":3,"column":0},"end":{"line":3,"column":85}},"3":{"start":{"line":4,"column":0},"end":{"line":4,"column":0}},"4":{"start":{"line":5,"column":0},"end":{"line":5,"column":78}},"5":{"start":{"line":6,"column":0},"end":{"line":6,"column":7}},"6":{"start":{"line":7,"column":0},"end":{"line":7,"column":40}},"7":{"start":{"line":8,"column":0},"end":{"line":8,"column":49}},"8":{"start":{"line":9,"column":0},"end":{"line":9,"column":59}},"9":{"start":{"line":10,"column":0},"end":{"line":10,"column":27}},"10":{"start":{"line":11,"column":0},"end":{"line":11,"column":17}},"11":{"start":{"line":12,"column":0},"end":{"line":12,"column":5}},"12":{"start":{"line":13,"column":0},"end":{"line":13,"column":15}},"13":{"start":{"line":14,"column":0},"end":{"line":14,"column":15}},"14":{"start":{"line":15,"column":0},"end":{"line":15,"column":58}},"15":{"start":{"line":16,"column":0},"end":{"line":16,"column":68}},"16":{"start":{"line":17,"column":0},"end":{"line":17,"column":26}},"17":{"start":{"line":18,"column":0},"end":{"line":18,"column":18}},"18":{"start":{"line":19,"column":0},"end":{"line":19,"column":6}},"19":{"start":{"line":20,"column":0},"end":{"line":20,"column":50}},"20":{"start":{"line":21,"column":0},"end":{"line":21,"column":58}},"21":{"start":{"line":22,"column":0},"end":{"line":22,"column":26}},"22":{"start":{"line":23,"column":0},"end":{"line":23,"column":18}},"23":{"start":{"line":24,"column":0},"end":{"line":24,"column":5}},"24":{"start":{"line":25,"column":0},"end":{"line":25,"column":52}},"25":{"start":{"line":26,"column":0},"end":{"line":26,"column":54}},"26":{"start":{"line":27,"column":0},"end":{"line":27,"column":27}},"27":{"start":{"line":28,"column":0},"end":{"line":28,"column":18}},"28":{"start":{"line":29,"column":0},"end":{"line":29,"column":5}},"29":{"start":{"line":30,"column":0},"end":{"line":30,"column":3}},"30":{"start":{"line":31,"column":0},"end":{"line":31,"column":1}}},"s":{"0":1,"1":1,"2":1,"3":1,"4":1,"5":8,"6":8,"7":8,"8":1,"9":1,"10":1,"11":1,"12":1,"13":8,"14":7,"15":4,"16":4,"17":4,"18":4,"19":7,"20":1,"21":1,"22":1,"23":1,"24":7,"25":1,"26":1,"27":1,"28":1,"29":7,"30":10},"branchMap":{"0":{"type":"branch","line":3,"loc":{"start":{"line":3,"column":32},"end":{"line":3,"column":85}},"locations":[{"start":{"line":3,"column":32},"end":{"line":3,"column":85}}]},"1":{"type":"branch","line":3,"loc":{"start":{"line":3,"column":72},"end":{"line":3,"column":85}},"locations":[{"start":{"line":3,"column":72},"end":{"line":3,"column":85}}]},"2":{"type":"branch","line":5,"loc":{"start":{"line":5,"column":28},"end":{"line":31,"column":1}},"locations":[{"start":{"line":5,"column":28},"end":{"line":31,"column":1}}]},"3":{"type":"branch","line":7,"loc":{"start":{"line":7,"column":38},"end":{"line":8,"column":33}},"locations":[{"start":{"line":7,"column":38},"end":{"line":8,"column":33}}]},"4":{"type":"branch","line":8,"loc":{"start":{"line":8,"column":23},"end":{"line":8,"column":48}},"locations":[{"start":{"line":8,"column":23},"end":{"line":8,"column":48}}]},"5":{"type":"branch","line":8,"loc":{"start":{"line":8,"column":48},"end":{"line":14,"column":4}},"locations":[{"start":{"line":8,"column":48},"end":{"line":14,"column":4}}]},"6":{"type":"branch","line":14,"loc":{"start":{"line":14,"column":2},"end":{"line":30,"column":3}},"locations":[{"start":{"line":14,"column":2},"end":{"line":30,"column":3}}]},"7":{"type":"branch","line":15,"loc":{"start":{"line":15,"column":25},"end":{"line":15,"column":57}},"locations":[{"start":{"line":15,"column":25},"end":{"line":15,"column":57}}]},"8":{"type":"branch","line":15,"loc":{"start":{"line":15,"column":57},"end":{"line":19,"column":6}},"locations":[{"start":{"line":15,"column":57},"end":{"line":19,"column":6}}]},"9":{"type":"branch","line":19,"loc":{"start":{"line":19,"column":4},"end":{"line":20,"column":22}},"locations":[{"start":{"line":19,"column":4},"end":{"line":20,"column":22}}]},"10":{"type":"branch","line":20,"loc":{"start":{"line":20,"column":10},"end":{"line":20,"column":49}},"locations":[{"start":{"line":20,"column":10},"end":{"line":20,"column":49}}]},"11":{"type":"branch","line":20,"loc":{"start":{"line":20,"column":49},"end":{"line":24,"column":5}},"locations":[{"start":{"line":20,"column":49},"end":{"line":24,"column":5}}]},"12":{"type":"branch","line":24,"loc":{"start":{"line":24,"column":4},"end":{"line":25,"column":24}},"locations":[{"start":{"line":24,"column":4},"end":{"line":25,"column":24}}]},"13":{"type":"branch","line":25,"loc":{"start":{"line":25,"column":16},"end":{"line":25,"column":51}},"locations":[{"start":{"line":25,"column":16},"end":{"line":25,"column":51}}]},"14":{"type":"branch","line":25,"loc":{"start":{"line":25,"column":51},"end":{"line":29,"column":5}},"locations":[{"start":{"line":25,"column":51},"end":{"line":29,"column":5}}]},"15":{"type":"branch","line":31,"loc":{"start":{"line":31,"column":0},"end":{"line":31,"column":1}},"locations":[{"start":{"line":31,"column":0},"end":{"line":31,"column":1}}]}},"b":{"0":[3],"1":[2],"2":[8],"3":[2],"4":[1],"5":[1],"6":[7],"7":[4],"8":[4],"9":[3],"10":[1],"11":[1],"12":[2],"13":[1],"14":[1],"15":[10]},"fnMap":{"0":{"name":"subBreedsBaseURL","decl":{"start":{"line":3,"column":32},"end":{"line":3,"column":85}},"loc":{"start":{"line":3,"column":32},"end":{"line":3,"column":85}},"line":3},"1":{"name":"get","decl":{"start":{"line":3,"column":72},"end":{"line":3,"column":85}},"loc":{"start":{"line":3,"column":72},"end":{"line":3,"column":85}},"line":3},"2":{"name":"getSubBreeds","decl":{"start":{"line":5,"column":28},"end":{"line":31,"column":1}},"loc":{"start":{"line":5,"column":28},"end":{"line":31,"column":1}},"line":5},"3":{"name":"get","decl":{"start":{"line":31,"column":0},"end":{"line":31,"column":1}},"loc":{"start":{"line":31,"column":0},"end":{"line":31,"column":1}},"line":31}},"f":{"0":3,"1":2,"2":8,"3":10}}
,"/Users/jorgeburguera/mobdev/doggies-tdd-inside-outside/src/utils/CustomError.js": {"path":"/Users/jorgeburguera/mobdev/doggies-tdd-inside-outside/src/utils/CustomError.js","all":false,"statementMap":{"0":{"start":{"line":1,"column":0},"end":{"line":1,"column":33}},"1":{"start":{"line":2,"column":0},"end":{"line":2,"column":35}},"2":{"start":{"line":3,"column":0},"end":{"line":3,"column":19}},"3":{"start":{"line":4,"column":0},"end":{"line":4,"column":31}},"4":{"start":{"line":5,"column":0},"end":{"line":5,"column":30}},"5":{"start":{"line":6,"column":0},"end":{"line":6,"column":3}},"6":{"start":{"line":7,"column":0},"end":{"line":7,"column":1}},"7":{"start":{"line":8,"column":0},"end":{"line":8,"column":0}},"8":{"start":{"line":9,"column":0},"end":{"line":9,"column":27}}},"s":{"0":1,"1":1,"2":5,"3":5,"4":5,"5":5,"6":1,"7":1,"8":1},"branchMap":{"0":{"type":"branch","line":2,"loc":{"start":{"line":2,"column":2},"end":{"line":6,"column":3}},"locations":[{"start":{"line":2,"column":2},"end":{"line":6,"column":3}}]}},"b":{"0":[5]},"fnMap":{"0":{"name":"CustomError","decl":{"start":{"line":2,"column":2},"end":{"line":6,"column":3}},"loc":{"start":{"line":2,"column":2},"end":{"line":6,"column":3}},"line":2}},"f":{"0":5}}
,"/Users/jorgeburguera/mobdev/doggies-tdd-inside-outside/src/utils/deleteImages/deleteImages.jsx": {"path":"/Users/jorgeburguera/mobdev/doggies-tdd-inside-outside/src/utils/deleteImages/deleteImages.jsx","all":false,"statementMap":{"0":{"start":{"line":1,"column":0},"end":{"line":1,"column":84}},"1":{"start":{"line":2,"column":0},"end":{"line":2,"column":0}},"2":{"start":{"line":3,"column":0},"end":{"line":3,"column":95}},"3":{"start":{"line":4,"column":0},"end":{"line":4,"column":18}},"4":{"start":{"line":5,"column":0},"end":{"line":5,"column":59}},"5":{"start":{"line":6,"column":0},"end":{"line":6,"column":27}},"6":{"start":{"line":7,"column":0},"end":{"line":7,"column":2}},"7":{"start":{"line":8,"column":0},"end":{"line":8,"column":41}},"8":{"start":{"line":9,"column":0},"end":{"line":9,"column":130}},"9":{"start":{"line":10,"column":0},"end":{"line":10,"column":10}},"10":{"start":{"line":11,"column":0},"end":{"line":11,"column":145}},"11":{"start":{"line":12,"column":0},"end":{"line":12,"column":5}},"12":{"start":{"line":13,"column":0},"end":{"line":13,"column":2}},"13":{"start":{"line":14,"column":0},"end":{"line":14,"column":36}},"14":{"start":{"line":15,"column":0},"end":{"line":15,"column":27}},"15":{"start":{"line":16,"column":0},"end":{"line":16,"column":5}},"16":{"start":{"line":17,"column":0},"end":{"line":17,"column":29}},"17":{"start":{"line":18,"column":0},"end":{"line":18,"column":24}},"18":{"start":{"line":19,"column":0},"end":{"line":19,"column":3}},"19":{"start":{"line":20,"column":0},"end":{"line":20,"column":1}}},"s":{"0":1,"1":1,"2":1,"3":6,"4":5,"5":5,"6":5,"7":5,"8":4,"9":5,"10":1,"11":1,"12":5,"13":5,"14":1,"15":1,"16":5,"17":5,"18":5,"19":7},"branchMap":{"0":{"type":"branch","line":3,"loc":{"start":{"line":3,"column":28},"end":{"line":20,"column":1}},"locations":[{"start":{"line":3,"column":28},"end":{"line":20,"column":1}}]},"1":{"type":"branch","line":4,"loc":{"start":{"line":4,"column":17},"end":{"line":19,"column":3}},"locations":[{"start":{"line":4,"column":17},"end":{"line":19,"column":3}}]},"2":{"type":"branch","line":8,"loc":{"start":{"line":8,"column":40},"end":{"line":10,"column":9}},"locations":[{"start":{"line":8,"column":40},"end":{"line":10,"column":9}}]},"3":{"type":"branch","line":10,"loc":{"start":{"line":10,"column":4},"end":{"line":12,"column":5}},"locations":[{"start":{"line":10,"column":4},"end":{"line":12,"column":5}}]},"4":{"type":"branch","line":14,"loc":{"start":{"line":14,"column":35},"end":{"line":16,"column":5}},"locations":[{"start":{"line":14,"column":35},"end":{"line":16,"column":5}}]},"5":{"type":"branch","line":9,"loc":{"start":{"line":9,"column":37},"end":{"line":9,"column":129}},"locations":[{"start":{"line":9,"column":37},"end":{"line":9,"column":129}}]},"6":{"type":"branch","line":9,"loc":{"start":{"line":9,"column":76},"end":{"line":9,"column":129}},"locations":[{"start":{"line":9,"column":76},"end":{"line":9,"column":129}}]},"7":{"type":"branch","line":11,"loc":{"start":{"line":11,"column":37},"end":{"line":11,"column":144}},"locations":[{"start":{"line":11,"column":37},"end":{"line":11,"column":144}}]},"8":{"type":"branch","line":20,"loc":{"start":{"line":20,"column":0},"end":{"line":20,"column":1}},"locations":[{"start":{"line":20,"column":0},"end":{"line":20,"column":1}}]}},"b":{"0":[6],"1":[5],"2":[4],"3":[1],"4":[1],"5":[7],"6":[3],"7":[2],"8":[7]},"fnMap":{"0":{"name":"deleteImages","decl":{"start":{"line":3,"column":28},"end":{"line":20,"column":1}},"loc":{"start":{"line":3,"column":28},"end":{"line":20,"column":1}},"line":3},"1":{"name":"get","decl":{"start":{"line":20,"column":0},"end":{"line":20,"column":1}},"loc":{"start":{"line":20,"column":0},"end":{"line":20,"column":1}},"line":20}},"f":{"0":6,"1":7}}
,"/Users/jorgeburguera/mobdev/doggies-tdd-inside-outside/src/utils/formatBreeds/formatBreeds.jsx": {"path":"/Users/jorgeburguera/mobdev/doggies-tdd-inside-outside/src/utils/formatBreeds/formatBreeds.jsx","all":false,"statementMap":{"0":{"start":{"line":1,"column":0},"end":{"line":1,"column":63}},"1":{"start":{"line":2,"column":0},"end":{"line":2,"column":43}},"2":{"start":{"line":3,"column":0},"end":{"line":3,"column":0}},"3":{"start":{"line":4,"column":0},"end":{"line":4,"column":40}},"4":{"start":{"line":5,"column":0},"end":{"line":5,"column":37}},"5":{"start":{"line":6,"column":0},"end":{"line":6,"column":0}},"6":{"start":{"line":7,"column":0},"end":{"line":7,"column":27}},"7":{"start":{"line":8,"column":0},"end":{"line":8,"column":64}},"8":{"start":{"line":9,"column":0},"end":{"line":9,"column":3}},"9":{"start":{"line":10,"column":0},"end":{"line":10,"column":0}},"10":{"start":{"line":11,"column":0},"end":{"line":11,"column":36}},"11":{"start":{"line":12,"column":0},"end":{"line":12,"column":45}},"12":{"start":{"line":13,"column":0},"end":{"line":13,"column":3}},"13":{"start":{"line":14,"column":0},"end":{"line":14,"column":0}},"14":{"start":{"line":15,"column":0},"end":{"line":15,"column":34}},"15":{"start":{"line":16,"column":0},"end":{"line":16,"column":50}},"16":{"start":{"line":17,"column":0},"end":{"line":17,"column":0}},"17":{"start":{"line":18,"column":0},"end":{"line":18,"column":31}},"18":{"start":{"line":19,"column":0},"end":{"line":19,"column":38}},"19":{"start":{"line":20,"column":0},"end":{"line":20,"column":68}},"20":{"start":{"line":21,"column":0},"end":{"line":21,"column":89}},"21":{"start":{"line":22,"column":0},"end":{"line":22,"column":121}},"22":{"start":{"line":23,"column":0},"end":{"line":23,"column":85}},"23":{"start":{"line":24,"column":0},"end":{"line":24,"column":45}},"24":{"start":{"line":25,"column":0},"end":{"line":25,"column":5}},"25":{"start":{"line":26,"column":0},"end":{"line":26,"column":3}},"26":{"start":{"line":27,"column":0},"end":{"line":27,"column":0}},"27":{"start":{"line":28,"column":0},"end":{"line":28,"column":25}},"28":{"start":{"line":29,"column":0},"end":{"line":29,"column":2}}},"s":{"0":1,"1":1,"2":1,"3":1,"4":13,"5":12,"6":12,"7":2,"8":2,"9":10,"10":12,"11":1,"12":1,"13":9,"14":9,"15":9,"16":9,"17":12,"18":10,"19":10,"20":10,"21":10,"22":10,"23":8,"24":8,"25":10,"26":8,"27":8,"28":15},"branchMap":{"0":{"type":"branch","line":4,"loc":{"start":{"line":4,"column":28},"end":{"line":29,"column":2}},"locations":[{"start":{"line":4,"column":28},"end":{"line":29,"column":2}}]},"1":{"type":"branch","line":5,"loc":{"start":{"line":5,"column":35},"end":{"line":29,"column":2}},"locations":[{"start":{"line":5,"column":35},"end":{"line":29,"column":2}}]},"2":{"type":"branch","line":7,"loc":{"start":{"line":7,"column":26},"end":{"line":9,"column":3}},"locations":[{"start":{"line":7,"column":26},"end":{"line":9,"column":3}}]},"3":{"type":"branch","line":9,"loc":{"start":{"line":9,"column":2},"end":{"line":11,"column":35}},"locations":[{"start":{"line":9,"column":2},"end":{"line":11,"column":35}}]},"4":{"type":"branch","line":11,"loc":{"start":{"line":11,"column":35},"end":{"line":13,"column":3}},"locations":[{"start":{"line":11,"column":35},"end":{"line":13,"column":3}}]},"5":{"type":"branch","line":13,"loc":{"start":{"line":13,"column":2},"end":{"line":18,"column":30}},"locations":[{"start":{"line":13,"column":2},"end":{"line":18,"column":30}}]},"6":{"type":"branch","line":18,"loc":{"start":{"line":18,"column":30},"end":{"line":26,"column":3}},"locations":[{"start":{"line":18,"column":30},"end":{"line":26,"column":3}}]},"7":{"type":"branch","line":23,"loc":{"start":{"line":23,"column":84},"end":{"line":25,"column":5}},"locations":[{"start":{"line":23,"column":84},"end":{"line":25,"column":5}}]},"8":{"type":"branch","line":26,"loc":{"start":{"line":26,"column":2},"end":{"line":29,"column":2}},"locations":[{"start":{"line":26,"column":2},"end":{"line":29,"column":2}}]},"9":{"type":"branch","line":29,"loc":{"start":{"line":29,"column":0},"end":{"line":29,"column":2}},"locations":[{"start":{"line":29,"column":0},"end":{"line":29,"column":2}}]}},"b":{"0":[13],"1":[12],"2":[2],"3":[10],"4":[1],"5":[9],"6":[10],"7":[8],"8":[8],"9":[15]},"fnMap":{"0":{"name":"formatBreeds","decl":{"start":{"line":4,"column":28},"end":{"line":29,"column":2}},"loc":{"start":{"line":4,"column":28},"end":{"line":29,"column":2}},"line":4},"1":{"name":"get","decl":{"start":{"line":29,"column":0},"end":{"line":29,"column":2}},"loc":{"start":{"line":29,"column":0},"end":{"line":29,"column":2}},"line":29}},"f":{"0":13,"1":15}}
,"/Users/jorgeburguera/mobdev/doggies-tdd-inside-outside/src/utils/formatSubBreedString/formatSubBreedString.js": {"path":"/Users/jorgeburguera/mobdev/doggies-tdd-inside-outside/src/utils/formatSubBreedString/formatSubBreedString.js","all":false,"statementMap":{"0":{"start":{"line":1,"column":0},"end":{"line":1,"column":57}},"1":{"start":{"line":2,"column":0},"end":{"line":2,"column":53}},"2":{"start":{"line":3,"column":0},"end":{"line":3,"column":0}},"3":{"start":{"line":4,"column":0},"end":{"line":4,"column":48}},"4":{"start":{"line":5,"column":0},"end":{"line":5,"column":2}},"5":{"start":{"line":6,"column":0},"end":{"line":6,"column":26}},"6":{"start":{"line":7,"column":0},"end":{"line":7,"column":1}}},"s":{"0":1,"1":2,"2":2,"3":2,"4":1,"5":1,"6":1},"branchMap":{"0":{"type":"branch","line":2,"loc":{"start":{"line":2,"column":-1},"end":{"line":7,"column":1}},"locations":[{"start":{"line":2,"column":-1},"end":{"line":7,"column":1}}]},"1":{"type":"branch","line":4,"loc":{"start":{"line":4,"column":27},"end":{"line":7,"column":1}},"locations":[{"start":{"line":4,"column":27},"end":{"line":7,"column":1}}]}},"b":{"0":[2],"1":[1]},"fnMap":{"0":{"name":"formatSubBreedString","decl":{"start":{"line":2,"column":-1},"end":{"line":7,"column":1}},"loc":{"start":{"line":2,"column":-1},"end":{"line":7,"column":1}},"line":2}},"f":{"0":2}}
,"/Users/jorgeburguera/mobdev/doggies-tdd-inside-outside/src/utils/formatSubBreeds/formatSubBreeds.js": {"path":"/Users/jorgeburguera/mobdev/doggies-tdd-inside-outside/src/utils/formatSubBreeds/formatSubBreeds.js","all":false,"statementMap":{"0":{"start":{"line":1,"column":0},"end":{"line":1,"column":72}},"1":{"start":{"line":2,"column":0},"end":{"line":2,"column":44}},"2":{"start":{"line":3,"column":0},"end":{"line":3,"column":0}},"3":{"start":{"line":4,"column":0},"end":{"line":4,"column":49}},"4":{"start":{"line":5,"column":0},"end":{"line":5,"column":0}},"5":{"start":{"line":6,"column":0},"end":{"line":6,"column":21}},"6":{"start":{"line":7,"column":0},"end":{"line":7,"column":14}},"7":{"start":{"line":8,"column":0},"end":{"line":8,"column":19}},"8":{"start":{"line":9,"column":0},"end":{"line":9,"column":31}},"9":{"start":{"line":10,"column":0},"end":{"line":10,"column":3}},"10":{"start":{"line":11,"column":0},"end":{"line":11,"column":0}},"11":{"start":{"line":12,"column":0},"end":{"line":12,"column":45}},"12":{"start":{"line":13,"column":0},"end":{"line":13,"column":0}},"13":{"start":{"line":14,"column":0},"end":{"line":14,"column":27}},"14":{"start":{"line":15,"column":0},"end":{"line":15,"column":64}},"15":{"start":{"line":16,"column":0},"end":{"line":16,"column":3}},"16":{"start":{"line":17,"column":0},"end":{"line":17,"column":36}},"17":{"start":{"line":18,"column":0},"end":{"line":18,"column":45}},"18":{"start":{"line":19,"column":0},"end":{"line":19,"column":3}},"19":{"start":{"line":20,"column":0},"end":{"line":20,"column":0}},"20":{"start":{"line":21,"column":0},"end":{"line":21,"column":37}},"21":{"start":{"line":22,"column":0},"end":{"line":22,"column":32}},"22":{"start":{"line":23,"column":0},"end":{"line":23,"column":0}},"23":{"start":{"line":24,"column":0},"end":{"line":24,"column":42}},"24":{"start":{"line":25,"column":0},"end":{"line":25,"column":39}},"25":{"start":{"line":26,"column":0},"end":{"line":26,"column":46}},"26":{"start":{"line":27,"column":0},"end":{"line":27,"column":76}},"27":{"start":{"line":28,"column":0},"end":{"line":28,"column":97}},"28":{"start":{"line":29,"column":0},"end":{"line":29,"column":138}},"29":{"start":{"line":30,"column":0},"end":{"line":30,"column":6}},"30":{"start":{"line":31,"column":0},"end":{"line":31,"column":91}},"31":{"start":{"line":32,"column":0},"end":{"line":32,"column":6}},"32":{"start":{"line":33,"column":0},"end":{"line":33,"column":121}},"33":{"start":{"line":34,"column":0},"end":{"line":34,"column":44}},"34":{"start":{"line":35,"column":0},"end":{"line":35,"column":60}},"35":{"start":{"line":36,"column":0},"end":{"line":36,"column":9}},"36":{"start":{"line":37,"column":0},"end":{"line":37,"column":78}},"37":{"start":{"line":38,"column":0},"end":{"line":38,"column":7}},"38":{"start":{"line":39,"column":0},"end":{"line":39,"column":5}},"39":{"start":{"line":40,"column":0},"end":{"line":40,"column":3}},"40":{"start":{"line":41,"column":0},"end":{"line":41,"column":0}},"41":{"start":{"line":42,"column":0},"end":{"line":42,"column":28}},"42":{"start":{"line":43,"column":0},"end":{"line":43,"column":2}}},"s":{"0":1,"1":1,"2":1,"3":1,"4":12,"5":12,"6":1,"7":12,"8":9,"9":9,"10":11,"11":11,"12":11,"13":12,"14":1,"15":1,"16":12,"17":1,"18":1,"19":9,"20":9,"21":9,"22":9,"23":12,"24":7,"25":12,"26":12,"27":12,"28":12,"29":12,"30":12,"31":12,"32":12,"33":9,"34":6,"35":6,"36":9,"37":9,"38":12,"39":7,"40":9,"41":9,"42":9},"branchMap":{"0":{"type":"branch","line":4,"loc":{"start":{"line":4,"column":31},"end":{"line":43,"column":2}},"locations":[{"start":{"line":4,"column":31},"end":{"line":43,"column":2}}]},"1":{"type":"branch","line":6,"loc":{"start":{"line":6,"column":20},"end":{"line":8,"column":3}},"locations":[{"start":{"line":6,"column":20},"end":{"line":8,"column":3}}]},"2":{"type":"branch","line":8,"loc":{"start":{"line":8,"column":3},"end":{"line":14,"column":26}},"locations":[{"start":{"line":8,"column":3},"end":{"line":14,"column":26}}]},"3":{"type":"branch","line":8,"loc":{"start":{"line":8,"column":18},"end":{"line":10,"column":3}},"locations":[{"start":{"line":8,"column":18},"end":{"line":10,"column":3}}]},"4":{"type":"branch","line":14,"loc":{"start":{"line":14,"column":26},"end":{"line":16,"column":3}},"locations":[{"start":{"line":14,"column":26},"end":{"line":16,"column":3}}]},"5":{"type":"branch","line":17,"loc":{"start":{"line":17,"column":-1},"end":{"line":17,"column":35}},"locations":[{"start":{"line":17,"column":-1},"end":{"line":17,"column":35}}]},"6":{"type":"branch","line":17,"loc":{"start":{"line":17,"column":35},"end":{"line":19,"column":3}},"locations":[{"start":{"line":17,"column":35},"end":{"line":19,"column":3}}]},"7":{"type":"branch","line":20,"loc":{"start":{"line":20,"column":-1},"end":{"line":24,"column":39}},"locations":[{"start":{"line":20,"column":-1},"end":{"line":24,"column":39}}]},"8":{"type":"branch","line":24,"loc":{"start":{"line":24,"column":41},"end":{"line":40,"column":3}},"locations":[{"start":{"line":24,"column":41},"end":{"line":40,"column":3}}]},"9":{"type":"branch","line":25,"loc":{"start":{"line":25,"column":38},"end":{"line":39,"column":5}},"locations":[{"start":{"line":25,"column":38},"end":{"line":39,"column":5}}]},"10":{"type":"branch","line":33,"loc":{"start":{"line":33,"column":85},"end":{"line":33,"column":118}},"locations":[{"start":{"line":33,"column":85},"end":{"line":33,"column":118}}]},"11":{"type":"branch","line":33,"loc":{"start":{"line":33,"column":120},"end":{"line":38,"column":7}},"locations":[{"start":{"line":33,"column":120},"end":{"line":38,"column":7}}]},"12":{"type":"branch","line":34,"loc":{"start":{"line":34,"column":43},"end":{"line":36,"column":9}},"locations":[{"start":{"line":34,"column":43},"end":{"line":36,"column":9}}]},"13":{"type":"branch","line":41,"loc":{"start":{"line":41,"column":-1},"end":{"line":43,"column":2}},"locations":[{"start":{"line":41,"column":-1},"end":{"line":43,"column":2}}]}},"b":{"0":[12],"1":[1],"2":[11],"3":[9],"4":[1],"5":[10],"6":[1],"7":[9],"8":[7],"9":[12],"10":[11],"11":[9],"12":[6],"13":[9]},"fnMap":{"0":{"name":"formatSubBreeds","decl":{"start":{"line":4,"column":31},"end":{"line":43,"column":2}},"loc":{"start":{"line":4,"column":31},"end":{"line":43,"column":2}},"line":4}},"f":{"0":12}}
,"/Users/jorgeburguera/mobdev/doggies-tdd-inside-outside/src/utils/loadImages/loadImages.jsx": {"path":"/Users/jorgeburguera/mobdev/doggies-tdd-inside-outside/src/utils/loadImages/loadImages.jsx","all":false,"statementMap":{"0":{"start":{"line":1,"column":0},"end":{"line":1,"column":84}},"1":{"start":{"line":2,"column":0},"end":{"line":2,"column":84}},"2":{"start":{"line":3,"column":0},"end":{"line":3,"column":0}},"3":{"start":{"line":4,"column":0},"end":{"line":4,"column":103}},"4":{"start":{"line":5,"column":0},"end":{"line":5,"column":23}},"5":{"start":{"line":6,"column":0},"end":{"line":6,"column":29}},"6":{"start":{"line":7,"column":0},"end":{"line":7,"column":0}},"7":{"start":{"line":8,"column":0},"end":{"line":8,"column":28}},"8":{"start":{"line":9,"column":0},"end":{"line":9,"column":56}},"9":{"start":{"line":10,"column":0},"end":{"line":10,"column":34}},"10":{"start":{"line":11,"column":0},"end":{"line":11,"column":40}},"11":{"start":{"line":12,"column":0},"end":{"line":12,"column":3}},"12":{"start":{"line":13,"column":0},"end":{"line":13,"column":0}},"13":{"start":{"line":14,"column":0},"end":{"line":14,"column":76}},"14":{"start":{"line":15,"column":0},"end":{"line":15,"column":0}},"15":{"start":{"line":16,"column":0},"end":{"line":16,"column":59}},"16":{"start":{"line":17,"column":0},"end":{"line":17,"column":31}},"17":{"start":{"line":18,"column":0},"end":{"line":18,"column":7}},"18":{"start":{"line":19,"column":0},"end":{"line":19,"column":24}},"19":{"start":{"line":20,"column":0},"end":{"line":20,"column":30}},"20":{"start":{"line":21,"column":0},"end":{"line":21,"column":33}},"21":{"start":{"line":22,"column":0},"end":{"line":22,"column":8}},"22":{"start":{"line":23,"column":0},"end":{"line":23,"column":19}},"23":{"start":{"line":24,"column":0},"end":{"line":24,"column":7}},"24":{"start":{"line":25,"column":0},"end":{"line":25,"column":3}},"25":{"start":{"line":26,"column":0},"end":{"line":26,"column":22}},"26":{"start":{"line":27,"column":0},"end":{"line":27,"column":1}}},"s":{"0":1,"1":1,"2":1,"3":1,"4":5,"5":5,"6":5,"7":5,"8":1,"9":1,"10":1,"11":1,"12":5,"13":5,"14":5,"15":5,"16":3,"17":3,"18":3,"19":3,"20":3,"21":3,"22":3,"23":3,"24":3,"25":5,"26":6},"branchMap":{"0":{"type":"branch","line":4,"loc":{"start":{"line":4,"column":26},"end":{"line":27,"column":1}},"locations":[{"start":{"line":4,"column":26},"end":{"line":27,"column":1}}]},"1":{"type":"branch","line":8,"loc":{"start":{"line":8,"column":27},"end":{"line":12,"column":3}},"locations":[{"start":{"line":8,"column":27},"end":{"line":12,"column":3}}]},"2":{"type":"branch","line":16,"loc":{"start":{"line":16,"column":32},"end":{"line":16,"column":58}},"locations":[{"start":{"line":16,"column":32},"end":{"line":16,"column":58}}]},"3":{"type":"branch","line":16,"loc":{"start":{"line":16,"column":58},"end":{"line":25,"column":3}},"locations":[{"start":{"line":16,"column":58},"end":{"line":25,"column":3}}]},"4":{"type":"branch","line":17,"loc":{"start":{"line":17,"column":14},"end":{"line":24,"column":5}},"locations":[{"start":{"line":17,"column":14},"end":{"line":24,"column":5}}]},"5":{"type":"branch","line":27,"loc":{"start":{"line":27,"column":0},"end":{"line":27,"column":1}},"locations":[{"start":{"line":27,"column":0},"end":{"line":27,"column":1}}]}},"b":{"0":[5],"1":[1],"2":[4],"3":[3],"4":[3],"5":[6]},"fnMap":{"0":{"name":"loadImages","decl":{"start":{"line":4,"column":26},"end":{"line":27,"column":1}},"loc":{"start":{"line":4,"column":26},"end":{"line":27,"column":1}},"line":4},"1":{"name":"get","decl":{"start":{"line":27,"column":0},"end":{"line":27,"column":1}},"loc":{"start":{"line":27,"column":0},"end":{"line":27,"column":1}},"line":27}},"f":{"0":5,"1":6}}
}
